!SESSION 2018-11-18 09:22:02.618 -----------------------------------------------
eclipse.buildId=4.7.3.M20180330-0640
java.version=1.8.0_161
java.vendor=Oracle Corporation
BootLoader constants: OS=win32, ARCH=x86_64, WS=win32, NL=en_US
Framework arguments:  -product org.eclipse.epp.package.java.product -product org.eclipse.epp.package.java.product
Command-line arguments:  -os win32 -ws win32 -arch x86_64 -product org.eclipse.epp.package.java.product -data C:\Users\Austin\CIS 207 Dropbox\CIS 207 Workspace -product org.eclipse.epp.package.java.product

!ENTRY org.eclipse.egit.ui 2 0 2018-11-18 09:23:03.937
!MESSAGE Warning: The environment variable HOME is not set. The following directory will be used to store the Git
user global configuration and to define the default location to store repositories: 'C:\Users\Austin'. If this is
not correct please set the HOME environment variable and restart Eclipse. Otherwise Git for Windows and
EGit might behave differently since they see different configuration options.
This warning can be switched off on the Team > Git > Confirmations and Warnings preference page.
!SESSION 2018-11-19 09:31:48.326 -----------------------------------------------
eclipse.buildId=4.7.3.M20180330-0640
java.version=1.8.0_161
java.vendor=Oracle Corporation
BootLoader constants: OS=win32, ARCH=x86_64, WS=win32, NL=en_US
Framework arguments:  -product org.eclipse.epp.package.java.product
Command-line arguments:  -os win32 -ws win32 -arch x86_64 -product org.eclipse.epp.package.java.product

!ENTRY org.eclipse.egit.ui 2 0 2018-11-19 09:32:07.118
!MESSAGE Warning: The environment variable HOME is not set. The following directory will be used to store the Git
user global configuration and to define the default location to store repositories: 'C:\Users\Austin'. If this is
not correct please set the HOME environment variable and restart Eclipse. Otherwise Git for Windows and
EGit might behave differently since they see different configuration options.
This warning can be switched off on the Team > Git > Confirmations and Warnings preference page.
!SESSION 2018-11-20 16:13:52.834 -----------------------------------------------
eclipse.buildId=4.8.0.I20180611-0500
java.version=1.8.0_181
java.vendor=Oracle Corporation
BootLoader constants: OS=win32, ARCH=x86_64, WS=win32, NL=en_US
Framework arguments:  -product org.eclipse.epp.package.java.product
Command-line arguments:  -os win32 -ws win32 -arch x86_64 -product org.eclipse.epp.package.java.product

!ENTRY org.eclipse.egit.core 2 0 2018-11-20 16:14:46.459
!MESSAGE Builtin LFS support not present/detected
!STACK 0
java.lang.ClassNotFoundException: org.eclipse.jgit.lfs.BuiltinLFS cannot be found by org.eclipse.egit.core_5.0.0.201806131550-r
	at org.eclipse.osgi.internal.loader.BundleLoader.findClassInternal(BundleLoader.java:508)
	at org.eclipse.osgi.internal.loader.BundleLoader.findClass(BundleLoader.java:419)
	at org.eclipse.osgi.internal.loader.BundleLoader.findClass(BundleLoader.java:411)
	at org.eclipse.osgi.internal.loader.ModuleClassLoader.loadClass(ModuleClassLoader.java:150)
	at java.lang.ClassLoader.loadClass(Unknown Source)
	at java.lang.Class.forName0(Native Method)
	at java.lang.Class.forName(Unknown Source)
	at org.eclipse.egit.core.Activator.registerBuiltinLFS(Activator.java:279)
	at org.eclipse.egit.core.Activator.start(Activator.java:212)
	at org.eclipse.osgi.internal.framework.BundleContextImpl$3.run(BundleContextImpl.java:779)
	at org.eclipse.osgi.internal.framework.BundleContextImpl$3.run(BundleContextImpl.java:1)
	at java.security.AccessController.doPrivileged(Native Method)
	at org.eclipse.osgi.internal.framework.BundleContextImpl.startActivator(BundleContextImpl.java:772)
	at org.eclipse.osgi.internal.framework.BundleContextImpl.start(BundleContextImpl.java:729)
	at org.eclipse.osgi.internal.framework.EquinoxBundle.startWorker0(EquinoxBundle.java:1002)
	at org.eclipse.osgi.internal.framework.EquinoxBundle$EquinoxModule.startWorker(EquinoxBundle.java:354)
	at org.eclipse.osgi.container.Module.doStart(Module.java:581)
	at org.eclipse.osgi.container.Module.start(Module.java:449)
	at org.eclipse.osgi.framework.util.SecureAction.start(SecureAction.java:468)
	at org.eclipse.osgi.internal.hooks.EclipseLazyStarter.postFindLocalClass(EclipseLazyStarter.java:114)
	at org.eclipse.osgi.internal.loader.classpath.ClasspathManager.findLocalClass(ClasspathManager.java:505)
	at org.eclipse.osgi.internal.loader.ModuleClassLoader.findLocalClass(ModuleClassLoader.java:328)
	at org.eclipse.osgi.internal.loader.BundleLoader.findLocalClass(BundleLoader.java:392)
	at org.eclipse.osgi.internal.loader.sources.SingleSourcePackage.loadClass(SingleSourcePackage.java:36)
	at org.eclipse.osgi.internal.loader.BundleLoader.findClassInternal(BundleLoader.java:454)
	at org.eclipse.osgi.internal.loader.BundleLoader.findClass(BundleLoader.java:419)
	at org.eclipse.osgi.internal.loader.BundleLoader.findClass(BundleLoader.java:411)
	at org.eclipse.osgi.internal.loader.ModuleClassLoader.loadClass(ModuleClassLoader.java:150)
	at java.lang.ClassLoader.loadClass(Unknown Source)
	at org.eclipse.egit.ui.Activator$RepositoryChangeScanner.<init>(Activator.java:921)
	at org.eclipse.egit.ui.Activator.setupRepoChangeScanner(Activator.java:1034)
	at org.eclipse.egit.ui.Activator.start(Activator.java:336)
	at org.eclipse.osgi.internal.framework.BundleContextImpl$3.run(BundleContextImpl.java:779)
	at org.eclipse.osgi.internal.framework.BundleContextImpl$3.run(BundleContextImpl.java:1)
	at java.security.AccessController.doPrivileged(Native Method)
	at org.eclipse.osgi.internal.framework.BundleContextImpl.startActivator(BundleContextImpl.java:772)
	at org.eclipse.osgi.internal.framework.BundleContextImpl.start(BundleContextImpl.java:729)
	at org.eclipse.osgi.internal.framework.EquinoxBundle.startWorker0(EquinoxBundle.java:1002)
	at org.eclipse.osgi.internal.framework.EquinoxBundle$EquinoxModule.startWorker(EquinoxBundle.java:354)
	at org.eclipse.osgi.container.Module.doStart(Module.java:581)
	at org.eclipse.osgi.container.Module.start(Module.java:449)
	at org.eclipse.osgi.framework.util.SecureAction.start(SecureAction.java:468)
	at org.eclipse.osgi.internal.hooks.EclipseLazyStarter.postFindLocalClass(EclipseLazyStarter.java:114)
	at org.eclipse.osgi.internal.loader.classpath.ClasspathManager.findLocalClass(ClasspathManager.java:505)
	at org.eclipse.osgi.internal.loader.ModuleClassLoader.findLocalClass(ModuleClassLoader.java:328)
	at org.eclipse.osgi.internal.loader.BundleLoader.findLocalClass(BundleLoader.java:392)
	at org.eclipse.osgi.internal.loader.BundleLoader.findClassInternal(BundleLoader.java:470)
	at org.eclipse.osgi.internal.loader.BundleLoader.findClass(BundleLoader.java:419)
	at org.eclipse.osgi.internal.loader.BundleLoader.findClass(BundleLoader.java:411)
	at org.eclipse.osgi.internal.loader.ModuleClassLoader.loadClass(ModuleClassLoader.java:150)
	at java.lang.ClassLoader.loadClass(Unknown Source)
	at org.eclipse.osgi.internal.framework.EquinoxBundle.loadClass(EquinoxBundle.java:609)
	at org.eclipse.core.internal.registry.osgi.RegistryStrategyOSGI.createExecutableExtension(RegistryStrategyOSGI.java:177)
	at org.eclipse.core.internal.registry.ExtensionRegistry.createExecutableExtension(ExtensionRegistry.java:931)
	at org.eclipse.core.internal.registry.ConfigurationElement.createExecutableExtension(ConfigurationElement.java:243)
	at org.eclipse.core.internal.registry.ConfigurationElementHandle.createExecutableExtension(ConfigurationElementHandle.java:60)
	at org.eclipse.ui.internal.services.WorkbenchServiceRegistry.getSourceProviders(WorkbenchServiceRegistry.java:174)
	at org.eclipse.ui.internal.services.SourceProviderService.readRegistry(SourceProviderService.java:104)
	at org.eclipse.ui.internal.Workbench$34.runWithException(Workbench.java:2378)
	at org.eclipse.ui.internal.StartupThreading$StartupRunnable.run(StartupThreading.java:32)
	at org.eclipse.swt.widgets.Synchronizer.syncExec(Synchronizer.java:233)
	at org.eclipse.ui.internal.UISynchronizer.syncExec(UISynchronizer.java:144)
	at org.eclipse.swt.widgets.Display.syncExec(Display.java:4567)
	at org.eclipse.ui.internal.StartupThreading.runWithoutExceptions(StartupThreading.java:95)
	at org.eclipse.ui.internal.Workbench.initializeDefaultServices(Workbench.java:2373)
	at org.eclipse.ui.internal.Workbench.init(Workbench.java:1654)
	at org.eclipse.ui.internal.Workbench.runUI(Workbench.java:2859)
	at org.eclipse.ui.internal.Workbench.lambda$3(Workbench.java:654)
	at org.eclipse.core.databinding.observable.Realm.runWithDefault(Realm.java:336)
	at org.eclipse.ui.internal.Workbench.createAndRunWorkbench(Workbench.java:597)
	at org.eclipse.ui.PlatformUI.createAndRunWorkbench(PlatformUI.java:148)
	at org.eclipse.ui.internal.ide.application.IDEApplication.start(IDEApplication.java:152)
	at org.eclipse.equinox.internal.app.EclipseAppHandle.run(EclipseAppHandle.java:196)
	at org.eclipse.core.runtime.internal.adaptor.EclipseAppLauncher.runApplication(EclipseAppLauncher.java:134)
	at org.eclipse.core.runtime.internal.adaptor.EclipseAppLauncher.start(EclipseAppLauncher.java:104)
	at org.eclipse.core.runtime.adaptor.EclipseStarter.run(EclipseStarter.java:388)
	at org.eclipse.core.runtime.adaptor.EclipseStarter.run(EclipseStarter.java:243)
	at sun.reflect.NativeMethodAccessorImpl.invoke0(Native Method)
	at sun.reflect.NativeMethodAccessorImpl.invoke(Unknown Source)
	at sun.reflect.DelegatingMethodAccessorImpl.invoke(Unknown Source)
	at java.lang.reflect.Method.invoke(Unknown Source)
	at org.eclipse.equinox.launcher.Main.invokeFramework(Main.java:656)
	at org.eclipse.equinox.launcher.Main.basicRun(Main.java:592)
	at org.eclipse.equinox.launcher.Main.run(Main.java:1498)

!ENTRY org.eclipse.egit.ui 2 0 2018-11-20 16:15:18.357
!MESSAGE Warning: The environment variable HOME is not set. The following directory will be used to store the Git
user global configuration and to define the default location to store repositories: 'C:\Users\Student'. If this is
not correct please set the HOME environment variable and restart Eclipse. Otherwise Git for Windows and
EGit might behave differently since they see different configuration options.
This warning can be switched off on the Team > Git > Confirmations and Warnings preference page.
!SESSION 2018-11-20 16:48:49.139 -----------------------------------------------
eclipse.buildId=4.4.1.M20140925-0400
java.version=1.8.0_181
java.vendor=Oracle Corporation
BootLoader constants: OS=macosx, ARCH=x86_64, WS=cocoa, NL=en_US
Framework arguments:  -product org.eclipse.epp.package.java.product -product org.eclipse.epp.package.java.product -keyring /Users/mohamedabdo/.eclipse_keyring -showlocation
Command-line arguments:  -os macosx -ws cocoa -arch x86_64 -product org.eclipse.epp.package.java.product -data /Users/mohamedabdo/CIS 207 Dropbox/CIS 207 Workspace -product org.eclipse.epp.package.java.product -keyring /Users/mohamedabdo/.eclipse_keyring -showlocation

!ENTRY org.eclipse.core.net 1 0 2018-11-20 16:49:16.245
!MESSAGE System property http.nonProxyHosts has been set to local|*.local|169.254/16|*.169.254/16 by an external source. This value will be overwritten using the values from the preferences

!ENTRY org.eclipse.m2e.logback.configuration 2 0 2018-11-20 16:49:19.462
!MESSAGE Exception while setting up logging:org.eclipse.osgi.internal.framework.EquinoxConfiguration$1 cannot be cast to java.lang.String
!STACK 0
java.lang.ClassCastException: org.eclipse.osgi.internal.framework.EquinoxConfiguration$1 cannot be cast to java.lang.String
	at org.eclipse.m2e.logback.configuration.LogHelper.logJavaProperties(LogHelper.java:26)
	at org.eclipse.m2e.logback.configuration.LogPlugin.loadConfiguration(LogPlugin.java:189)
	at org.eclipse.m2e.logback.configuration.LogPlugin.configureLogback(LogPlugin.java:144)
	at org.eclipse.m2e.logback.configuration.LogPlugin.access$2(LogPlugin.java:107)
	at org.eclipse.m2e.logback.configuration.LogPlugin$1.run(LogPlugin.java:62)
	at java.util.TimerThread.mainLoop(Timer.java:555)
	at java.util.TimerThread.run(Timer.java:505)
!SESSION 2018-11-20 16:50:00.981 -----------------------------------------------
eclipse.buildId=4.4.1.M20140925-0400
java.version=1.8.0_181
java.vendor=Oracle Corporation
BootLoader constants: OS=macosx, ARCH=x86_64, WS=cocoa, NL=en_US
Framework arguments:  -product org.eclipse.epp.package.java.product -product org.eclipse.epp.package.java.product -keyring /Users/mohamedabdo/.eclipse_keyring -showlocation
Command-line arguments:  -os macosx -ws cocoa -arch x86_64 -product org.eclipse.epp.package.java.product -data /Users/mohamedabdo/CIS 207 Dropbox/CIS 207 Workspace -product org.eclipse.epp.package.java.product -keyring /Users/mohamedabdo/.eclipse_keyring -showlocation

!ENTRY org.eclipse.core.net 1 0 2018-11-20 16:50:11.560
!MESSAGE System property http.nonProxyHosts has been set to local|*.local|169.254/16|*.169.254/16 by an external source. This value will be overwritten using the values from the preferences

!ENTRY org.eclipse.m2e.logback.configuration 2 0 2018-11-20 16:50:13.698
!MESSAGE Exception while setting up logging:org.eclipse.osgi.internal.framework.EquinoxConfiguration$1 cannot be cast to java.lang.String
!STACK 0
java.lang.ClassCastException: org.eclipse.osgi.internal.framework.EquinoxConfiguration$1 cannot be cast to java.lang.String
	at org.eclipse.m2e.logback.configuration.LogHelper.logJavaProperties(LogHelper.java:26)
	at org.eclipse.m2e.logback.configuration.LogPlugin.loadConfiguration(LogPlugin.java:189)
	at org.eclipse.m2e.logback.configuration.LogPlugin.configureLogback(LogPlugin.java:144)
	at org.eclipse.m2e.logback.configuration.LogPlugin.access$2(LogPlugin.java:107)
	at org.eclipse.m2e.logback.configuration.LogPlugin$1.run(LogPlugin.java:62)
	at java.util.TimerThread.mainLoop(Timer.java:555)
	at java.util.TimerThread.run(Timer.java:505)

!ENTRY org.eclipse.ui 4 0 2018-11-20 17:37:57.716
!MESSAGE Unhandled event loop exception
!STACK 0
java.lang.NullPointerException
	at org.eclipse.swt.widgets.Control.internal_new_GC(Control.java:2118)
	at org.eclipse.swt.graphics.GC.cocoa_new(GC.java:207)
	at org.eclipse.swt.widgets.Tree.sendMeasureItem(Tree.java:2593)
	at org.eclipse.swt.widgets.Tree.cellSize(Tree.java:288)
	at org.eclipse.swt.widgets.Display.windowProc(Display.java:5517)
	at org.eclipse.swt.internal.cocoa.OS.objc_msgSendSuper_stret(Native Method)
	at org.eclipse.swt.widgets.Widget.expansionFrameWithFrame_inView(Widget.java:798)
	at org.eclipse.swt.widgets.Tree.expansionFrameWithFrame_inView(Tree.java:1271)
	at org.eclipse.swt.widgets.Display.windowProc(Display.java:5896)
	at org.eclipse.swt.internal.cocoa.OS.objc_msgSend_bool(Native Method)
	at org.eclipse.swt.internal.cocoa.NSRunLoop.runMode(NSRunLoop.java:42)
	at org.eclipse.swt.widgets.Display.sleep(Display.java:4680)
	at org.eclipse.ui.application.WorkbenchAdvisor.eventLoopIdle(WorkbenchAdvisor.java:368)
	at org.eclipse.ui.internal.ide.application.IDEWorkbenchAdvisor.eventLoopIdle(IDEWorkbenchAdvisor.java:918)
	at org.eclipse.ui.internal.Workbench$3.eventLoopIdle(Workbench.java:498)
	at org.eclipse.e4.ui.internal.workbench.swt.PartRenderingEngine$9.run(PartRenderingEngine.java:1155)
	at org.eclipse.core.databinding.observable.Realm.runWithDefault(Realm.java:332)
	at org.eclipse.e4.ui.internal.workbench.swt.PartRenderingEngine.run(PartRenderingEngine.java:1032)
	at org.eclipse.e4.ui.internal.workbench.E4Workbench.createAndRunUI(E4Workbench.java:148)
	at org.eclipse.ui.internal.Workbench$5.run(Workbench.java:636)
	at org.eclipse.core.databinding.observable.Realm.runWithDefault(Realm.java:332)
	at org.eclipse.ui.internal.Workbench.createAndRunWorkbench(Workbench.java:579)
	at org.eclipse.ui.PlatformUI.createAndRunWorkbench(PlatformUI.java:150)
	at org.eclipse.ui.internal.ide.application.IDEApplication.start(IDEApplication.java:135)
	at org.eclipse.equinox.internal.app.EclipseAppHandle.run(EclipseAppHandle.java:196)
	at org.eclipse.core.runtime.internal.adaptor.EclipseAppLauncher.runApplication(EclipseAppLauncher.java:134)
	at org.eclipse.core.runtime.internal.adaptor.EclipseAppLauncher.start(EclipseAppLauncher.java:104)
	at org.eclipse.core.runtime.adaptor.EclipseStarter.run(EclipseStarter.java:380)
	at org.eclipse.core.runtime.adaptor.EclipseStarter.run(EclipseStarter.java:235)
	at sun.reflect.NativeMethodAccessorImpl.invoke0(Native Method)
	at sun.reflect.NativeMethodAccessorImpl.invoke(NativeMethodAccessorImpl.java:62)
	at sun.reflect.DelegatingMethodAccessorImpl.invoke(DelegatingMethodAccessorImpl.java:43)
	at java.lang.reflect.Method.invoke(Method.java:498)
	at org.eclipse.equinox.launcher.Main.invokeFramework(Main.java:648)
	at org.eclipse.equinox.launcher.Main.basicRun(Main.java:603)
	at org.eclipse.equinox.launcher.Main.run(Main.java:1465)
